<?xml version="1.0" encoding="UTF-8"?>
<!-- Generated by org.testng.reporters.JUnitXMLReporter -->
<testsuite hostname="HPNote" name="Default test" tests="3" failures="0" timestamp="1 Apr 2018 05:29:11 GMT" time="30.493" errors="0">
  <testcase name="searchBookTest" time="12.724" classname="Com.automation.test.SearchPageTest"/>
  <testcase name="addToCartTest" time="4.141" classname="Com.automation.test.SearchPageTest"/>
  <testcase name="shoppingCartTest" time="3.491" classname="Com.automation.test.SearchPageTest"/>
</testsuite> <!-- Default test -->
