<?xml version="1.0" encoding="UTF-8"?>
<testng-results skipped="0" failed="0" total="3" passed="3">
  <reporter-output>
  </reporter-output>
  <suite name="Default suite" duration-ms="30493" started-at="2018-04-01T05:28:40Z" finished-at="2018-04-01T05:29:11Z">
    <groups>
    </groups>
    <test name="Default test" duration-ms="30493" started-at="2018-04-01T05:28:40Z" finished-at="2018-04-01T05:29:11Z">
      <class name="Com.automation.test.SearchPageTest">
        <test-method status="PASS" signature="setUp()[pri:0, instance:Com.automation.test.SearchPageTest@5442a311]" name="setUp" is-config="true" duration-ms="9928" started-at="2018-03-31T22:28:40Z" finished-at="2018-03-31T22:28:50Z">
          <reporter-output>
          </reporter-output>
        </test-method> <!-- setUp -->
        <test-method status="PASS" signature="searchBookTest()[pri:0, instance:Com.automation.test.SearchPageTest@5442a311]" name="searchBookTest" duration-ms="12724" started-at="2018-03-31T22:28:50Z" finished-at="2018-03-31T22:29:03Z">
          <reporter-output>
          </reporter-output>
        </test-method> <!-- searchBookTest -->
        <test-method status="PASS" signature="addToCartTest()[pri:0, instance:Com.automation.test.SearchPageTest@5442a311]" name="addToCartTest" duration-ms="4141" started-at="2018-03-31T22:29:03Z" finished-at="2018-03-31T22:29:07Z">
          <reporter-output>
          </reporter-output>
        </test-method> <!-- addToCartTest -->
        <test-method status="PASS" signature="shoppingCartTest()[pri:0, instance:Com.automation.test.SearchPageTest@5442a311]" name="shoppingCartTest" duration-ms="3491" started-at="2018-03-31T22:29:07Z" finished-at="2018-03-31T22:29:11Z">
          <reporter-output>
          </reporter-output>
        </test-method> <!-- shoppingCartTest -->
        <test-method status="PASS" signature="tearDown()[pri:0, instance:Com.automation.test.SearchPageTest@5442a311]" name="tearDown" is-config="true" duration-ms="149" started-at="2018-03-31T22:29:11Z" finished-at="2018-03-31T22:29:11Z">
          <reporter-output>
          </reporter-output>
        </test-method> <!-- tearDown -->
      </class> <!-- Com.automation.test.SearchPageTest -->
    </test> <!-- Default test -->
  </suite> <!-- Default suite -->
</testng-results>
